<?xml version="1.0" encoding="UTF-8"?>
<testng-results skipped="0" failed="0" ignored="0" total="1" passed="1">
  <reporter-output>
  </reporter-output>
  <suite name="Suite" duration-ms="25302" started-at="2019-01-11T05:59:03Z" finished-at="2019-01-11T05:59:28Z">
    <groups>
    </groups>
    <test name="BankDetails" duration-ms="25302" started-at="2019-01-11T05:59:03Z" finished-at="2019-01-11T05:59:28Z">
      <class name="pages.Homepage">
        <test-method status="PASS" signature="setup()[pri:0, instance:pages.Homepage@51081592]" name="setup" is-config="true" duration-ms="7936" started-at="2019-01-11T05:59:03Z" finished-at="2019-01-11T05:59:11Z">
          <reporter-output>
          </reporter-output>
        </test-method> <!-- setup -->
        <test-method status="PASS" signature="Get_BankDetails()[pri:0, instance:pages.Homepage@51081592]" name="Get_BankDetails" duration-ms="14712" started-at="2019-01-11T05:59:11Z" finished-at="2019-01-11T05:59:25Z">
          <reporter-output>
          </reporter-output>
        </test-method> <!-- Get_BankDetails -->
        <test-method status="PASS" signature="tearDown()[pri:0, instance:pages.Homepage@51081592]" name="tearDown" is-config="true" duration-ms="2624" started-at="2019-01-11T05:59:25Z" finished-at="2019-01-11T05:59:28Z">
          <reporter-output>
          </reporter-output>
        </test-method> <!-- tearDown -->
      </class> <!-- pages.Homepage -->
    </test> <!-- BankDetails -->
  </suite> <!-- Suite -->
</testng-results>
